{"C:\\Users\\user\\Desktop\\complete_auth\\config\\db.js": {"path":"C:\\Users\\user\\Desktop\\complete_auth\\config\\db.js","statementMap":{"0":{"start":{"line":1,"column":17},"end":{"line":1,"column":36}},"1":{"start":{"line":3,"column":18},"end":{"line":15,"column":1}},"2":{"start":{"line":4,"column":2},"end":{"line":14,"column":3}},"3":{"start":{"line":5,"column":16},"end":{"line":10,"column":6}},"4":{"start":{"line":11,"column":4},"end":{"line":11,"column":67}},"5":{"start":{"line":13,"column":4},"end":{"line":13,"column":29}},"6":{"start":{"line":17,"column":0},"end":{"line":17,"column":27}}},"fnMap":{"0":{"name":"(anonymous_0)","decl":{"start":{"line":3,"column":18},"end":{"line":3,"column":19}},"loc":{"start":{"line":3,"column":30},"end":{"line":15,"column":1}},"line":3}},"branchMap":{},"s":{"0":2,"1":2,"2":2,"3":2,"4":2,"5":0,"6":2},"f":{"0":2},"b":{},"_coverageSchema":"1a1c01bbd47fc00a2c39e90264f33305004495a9","hash":"a9465cb60bb81dfa0bd1a222888eb62e19a399b9"}
,"C:\\Users\\user\\Desktop\\complete_auth\\models\\Users.js": {"path":"C:\\Users\\user\\Desktop\\complete_auth\\models\\Users.js","statementMap":{"0":{"start":{"line":2,"column":15},"end":{"line":2,"column":32}},"1":{"start":{"line":3,"column":12},"end":{"line":3,"column":35}},"2":{"start":{"line":4,"column":17},"end":{"line":4,"column":36}},"3":{"start":{"line":5,"column":18},"end":{"line":5,"column":38}},"4":{"start":{"line":6,"column":15},"end":{"line":6,"column":34}},"5":{"start":{"line":7,"column":13},"end":{"line":7,"column":41}},"6":{"start":{"line":9,"column":20},"end":{"line":45,"column":2}},"7":{"start":{"line":32,"column":8},"end":{"line":32,"column":37}},"8":{"start":{"line":47,"column":0},"end":{"line":55,"column":3}},"9":{"start":{"line":48,"column":2},"end":{"line":48,"column":27}},"10":{"start":{"line":49,"column":2},"end":{"line":49,"column":43}},"11":{"start":{"line":49,"column":36},"end":{"line":49,"column":43}},"12":{"start":{"line":50,"column":2},"end":{"line":50,"column":55}},"13":{"start":{"line":52,"column":2},"end":{"line":52,"column":35}},"14":{"start":{"line":54,"column":2},"end":{"line":54,"column":9}},"15":{"start":{"line":57,"column":0},"end":{"line":63,"column":3}},"16":{"start":{"line":58,"column":16},"end":{"line":58,"column":54}},"17":{"start":{"line":59,"column":2},"end":{"line":59,"column":32}},"18":{"start":{"line":61,"column":2},"end":{"line":61,"column":30}},"19":{"start":{"line":62,"column":2},"end":{"line":62,"column":9}},"20":{"start":{"line":65,"column":0},"end":{"line":69,"column":2}},"21":{"start":{"line":66,"column":2},"end":{"line":68,"column":5}},"22":{"start":{"line":71,"column":0},"end":{"line":76,"column":2}},"23":{"start":{"line":75,"column":2},"end":{"line":75,"column":63}},"24":{"start":{"line":78,"column":0},"end":{"line":82,"column":3}},"25":{"start":{"line":79,"column":2},"end":{"line":81,"column":3}},"26":{"start":{"line":80,"column":4},"end":{"line":80,"column":34}},"27":{"start":{"line":84,"column":0},"end":{"line":93,"column":2}},"28":{"start":{"line":85,"column":2},"end":{"line":92,"column":12}},"29":{"start":{"line":95,"column":0},"end":{"line":112,"column":2}},"30":{"start":{"line":96,"column":16},"end":{"line":96,"column":54}},"31":{"start":{"line":97,"column":2},"end":{"line":100,"column":19}},"32":{"start":{"line":102,"column":2},"end":{"line":102,"column":58}},"33":{"start":{"line":104,"column":2},"end":{"line":111,"column":12}},"34":{"start":{"line":114,"column":0},"end":{"line":114,"column":54}}},"fnMap":{"0":{"name":"(anonymous_0)","decl":{"start":{"line":31,"column":17},"end":{"line":31,"column":18}},"loc":{"start":{"line":31,"column":31},"end":{"line":33,"column":7}},"line":31},"1":{"name":"(anonymous_1)","decl":{"start":{"line":47,"column":24},"end":{"line":47,"column":25}},"loc":{"start":{"line":47,"column":45},"end":{"line":55,"column":1}},"line":47},"2":{"name":"(anonymous_2)","decl":{"start":{"line":57,"column":24},"end":{"line":57,"column":25}},"loc":{"start":{"line":57,"column":39},"end":{"line":63,"column":1}},"line":57},"3":{"name":"(anonymous_3)","decl":{"start":{"line":65,"column":31},"end":{"line":65,"column":32}},"loc":{"start":{"line":65,"column":42},"end":{"line":69,"column":1}},"line":65},"4":{"name":"(anonymous_4)","decl":{"start":{"line":71,"column":38},"end":{"line":71,"column":39}},"loc":{"start":{"line":74,"column":2},"end":{"line":76,"column":1}},"line":74},"5":{"name":"(anonymous_5)","decl":{"start":{"line":78,"column":25},"end":{"line":78,"column":26}},"loc":{"start":{"line":78,"column":42},"end":{"line":82,"column":1}},"line":78},"6":{"name":"(anonymous_6)","decl":{"start":{"line":84,"column":39},"end":{"line":84,"column":40}},"loc":{"start":{"line":84,"column":56},"end":{"line":93,"column":1}},"line":84},"7":{"name":"(anonymous_7)","decl":{"start":{"line":95,"column":48},"end":{"line":95,"column":49}},"loc":{"start":{"line":95,"column":65},"end":{"line":112,"column":1}},"line":95}},"branchMap":{"0":{"loc":{"start":{"line":49,"column":2},"end":{"line":49,"column":43}},"type":"if","locations":[{"start":{"line":49,"column":2},"end":{"line":49,"column":43}},{"start":{"line":49,"column":2},"end":{"line":49,"column":43}}],"line":49},"1":{"loc":{"start":{"line":79,"column":2},"end":{"line":81,"column":3}},"type":"if","locations":[{"start":{"line":79,"column":2},"end":{"line":81,"column":3}},{"start":{"line":79,"column":2},"end":{"line":81,"column":3}}],"line":79},"2":{"loc":{"start":{"line":79,"column":6},"end":{"line":79,"column":46}},"type":"binary-expr","locations":[{"start":{"line":79,"column":6},"end":{"line":79,"column":31}},{"start":{"line":79,"column":35},"end":{"line":79,"column":46}}],"line":79}},"s":{"0":2,"1":2,"2":2,"3":2,"4":2,"5":2,"6":2,"7":2,"8":2,"9":2,"10":2,"11":0,"12":2,"13":2,"14":2,"15":2,"16":2,"17":2,"18":2,"19":2,"20":2,"21":1,"22":2,"23":1,"24":2,"25":2,"26":2,"27":2,"28":2,"29":2,"30":1,"31":1,"32":1,"33":1,"34":2},"f":{"0":2,"1":2,"2":2,"3":1,"4":1,"5":2,"6":2,"7":1},"b":{"0":[0,2],"1":[2,0],"2":[2,2]},"_coverageSchema":"1a1c01bbd47fc00a2c39e90264f33305004495a9","hash":"b6b29081661f4e02034108ac61af9dacb9fca09f"}
}
