{"C:\\Users\\user\\Desktop\\personal projects\\complete_auth\\app.js": {"path":"C:\\Users\\user\\Desktop\\personal projects\\complete_auth\\app.js","statementMap":{"0":{"start":{"line":1,"column":13},"end":{"line":1,"column":28}},"1":{"start":{"line":2,"column":16},"end":{"line":2,"column":34}},"2":{"start":{"line":3,"column":15},"end":{"line":3,"column":32}},"3":{"start":{"line":4,"column":13},"end":{"line":4,"column":28}},"4":{"start":{"line":6,"column":19},"end":{"line":6,"column":49}},"5":{"start":{"line":7,"column":20},"end":{"line":7,"column":56}},"6":{"start":{"line":9,"column":12},"end":{"line":9,"column":21}},"7":{"start":{"line":10,"column":0},"end":{"line":10,"column":16}},"8":{"start":{"line":11,"column":0},"end":{"line":11,"column":24}},"9":{"start":{"line":12,"column":0},"end":{"line":12,"column":57}},"10":{"start":{"line":13,"column":0},"end":{"line":15,"column":1}},"11":{"start":{"line":14,"column":2},"end":{"line":14,"column":26}},"12":{"start":{"line":17,"column":0},"end":{"line":17,"column":36}},"13":{"start":{"line":18,"column":0},"end":{"line":18,"column":21}},"14":{"start":{"line":20,"column":0},"end":{"line":20,"column":21}}},"fnMap":{},"branchMap":{"0":{"loc":{"start":{"line":13,"column":0},"end":{"line":15,"column":1}},"type":"if","locations":[{"start":{"line":13,"column":0},"end":{"line":15,"column":1}},{"start":{"line":13,"column":0},"end":{"line":15,"column":1}}],"line":13}},"s":{"0":1,"1":1,"2":1,"3":1,"4":1,"5":1,"6":1,"7":1,"8":1,"9":1,"10":1,"11":0,"12":1,"13":1,"14":1},"f":{},"b":{"0":[0,1]},"_coverageSchema":"1a1c01bbd47fc00a2c39e90264f33305004495a9","hash":"492ecc8c26551f4b8c1ce52b248be53cecac3053"}
,"C:\\Users\\user\\Desktop\\personal projects\\complete_auth\\__test__\\server\\utils\\mongoose.js": {"path":"C:\\Users\\user\\Desktop\\personal projects\\complete_auth\\__test__\\server\\utils\\mongoose.js","statementMap":{"0":{"start":{"line":1,"column":17},"end":{"line":1,"column":36}},"1":{"start":{"line":2,"column":15},"end":{"line":2,"column":32}},"2":{"start":{"line":4,"column":0},"end":{"line":4,"column":34}},"3":{"start":{"line":6,"column":0},"end":{"line":13,"column":2}},"4":{"start":{"line":7,"column":2},"end":{"line":12,"column":5}},"5":{"start":{"line":15,"column":0},"end":{"line":17,"column":2}},"6":{"start":{"line":16,"column":2},"end":{"line":16,"column":36}}},"fnMap":{"0":{"name":"(anonymous_0)","decl":{"start":{"line":6,"column":20},"end":{"line":6,"column":21}},"loc":{"start":{"line":6,"column":32},"end":{"line":13,"column":1}},"line":6},"1":{"name":"(anonymous_1)","decl":{"start":{"line":15,"column":18},"end":{"line":15,"column":19}},"loc":{"start":{"line":15,"column":30},"end":{"line":17,"column":1}},"line":15}},"branchMap":{},"s":{"0":3,"1":3,"2":3,"3":3,"4":3,"5":3,"6":3},"f":{"0":3,"1":3},"b":{},"_coverageSchema":"1a1c01bbd47fc00a2c39e90264f33305004495a9","hash":"12b7f9ad7ece182a81140989d3792ae40514c118"}
,"C:\\Users\\user\\Desktop\\personal projects\\complete_auth\\__test__\\server\\utils\\response.js": {"path":"C:\\Users\\user\\Desktop\\personal projects\\complete_auth\\__test__\\server\\utils\\response.js","statementMap":{"0":{"start":{"line":1,"column":0},"end":{"line":10,"column":2}},"1":{"start":{"line":3,"column":4},"end":{"line":3,"column":25}},"2":{"start":{"line":4,"column":4},"end":{"line":4,"column":16}},"3":{"start":{"line":8,"column":4},"end":{"line":8,"column":16}}},"fnMap":{"0":{"name":"(anonymous_0)","decl":{"start":{"line":2,"column":2},"end":{"line":2,"column":3}},"loc":{"start":{"line":2,"column":17},"end":{"line":5,"column":3}},"line":2},"1":{"name":"(anonymous_1)","decl":{"start":{"line":7,"column":2},"end":{"line":7,"column":3}},"loc":{"start":{"line":7,"column":13},"end":{"line":9,"column":3}},"line":7}},"branchMap":{},"s":{"0":1,"1":0,"2":0,"3":0},"f":{"0":0,"1":0},"b":{},"_coverageSchema":"1a1c01bbd47fc00a2c39e90264f33305004495a9","hash":"435a5f5ef13b937c99e0442d745e2bb80738b384"}
,"C:\\Users\\user\\Desktop\\personal projects\\complete_auth\\controller\\authController.js": {"path":"C:\\Users\\user\\Desktop\\personal projects\\complete_auth\\controller\\authController.js","statementMap":{"0":{"start":{"line":2,"column":15},"end":{"line":2,"column":32}},"1":{"start":{"line":3,"column":14},"end":{"line":3,"column":40}},"2":{"start":{"line":4,"column":17},"end":{"line":4,"column":49}},"3":{"start":{"line":5,"column":19},"end":{"line":5,"column":49}},"4":{"start":{"line":7,"column":18},"end":{"line":16,"column":1}},"5":{"start":{"line":8,"column":16},"end":{"line":8,"column":37}},"6":{"start":{"line":10,"column":2},"end":{"line":10,"column":28}},"7":{"start":{"line":11,"column":2},"end":{"line":15,"column":5}},"8":{"start":{"line":21,"column":0},"end":{"line":29,"column":3}},"9":{"start":{"line":22,"column":53},"end":{"line":22,"column":61}},"10":{"start":{"line":23,"column":2},"end":{"line":25,"column":3}},"11":{"start":{"line":24,"column":4},"end":{"line":24,"column":62}},"12":{"start":{"line":26,"column":15},"end":{"line":26,"column":43}},"13":{"start":{"line":28,"column":2},"end":{"line":28,"column":28}},"14":{"start":{"line":34,"column":0},"end":{"line":48,"column":3}},"15":{"start":{"line":35,"column":30},"end":{"line":35,"column":38}},"16":{"start":{"line":37,"column":2},"end":{"line":39,"column":3}},"17":{"start":{"line":38,"column":4},"end":{"line":38,"column":70}},"18":{"start":{"line":41,"column":15},"end":{"line":41,"column":65}},"19":{"start":{"line":43,"column":2},"end":{"line":45,"column":3}},"20":{"start":{"line":44,"column":4},"end":{"line":44,"column":58}},"21":{"start":{"line":47,"column":2},"end":{"line":47,"column":28}},"22":{"start":{"line":53,"column":0},"end":{"line":68,"column":3}},"23":{"start":{"line":54,"column":20},"end":{"line":54,"column":28}},"24":{"start":{"line":55,"column":15},"end":{"line":55,"column":45}},"25":{"start":{"line":57,"column":2},"end":{"line":59,"column":3}},"26":{"start":{"line":58,"column":4},"end":{"line":58,"column":59}},"27":{"start":{"line":61,"column":2},"end":{"line":61,"column":41}},"28":{"start":{"line":62,"column":2},"end":{"line":62,"column":49}},"29":{"start":{"line":64,"column":2},"end":{"line":67,"column":5}},"30":{"start":{"line":73,"column":0},"end":{"line":102,"column":3}},"31":{"start":{"line":74,"column":47},"end":{"line":74,"column":55}},"32":{"start":{"line":75,"column":22},"end":{"line":78,"column":18}},"33":{"start":{"line":80,"column":15},"end":{"line":83,"column":24}},"34":{"start":{"line":85,"column":2},"end":{"line":87,"column":3}},"35":{"start":{"line":86,"column":4},"end":{"line":86,"column":79}},"36":{"start":{"line":89,"column":2},"end":{"line":99,"column":3}},"37":{"start":{"line":90,"column":4},"end":{"line":90,"column":29}},"38":{"start":{"line":91,"column":4},"end":{"line":91,"column":43}},"39":{"start":{"line":92,"column":4},"end":{"line":92,"column":40}},"40":{"start":{"line":93,"column":4},"end":{"line":93,"column":42}},"41":{"start":{"line":94,"column":4},"end":{"line":94,"column":22}},"42":{"start":{"line":96,"column":4},"end":{"line":96,"column":40}},"43":{"start":{"line":97,"column":4},"end":{"line":97,"column":42}},"44":{"start":{"line":98,"column":4},"end":{"line":98,"column":22}},"45":{"start":{"line":101,"column":2},"end":{"line":101,"column":28}},"46":{"start":{"line":107,"column":0},"end":{"line":126,"column":3}},"47":{"start":{"line":108,"column":20},"end":{"line":108,"column":28}},"48":{"start":{"line":110,"column":22},"end":{"line":110,"column":70}},"49":{"start":{"line":112,"column":2},"end":{"line":114,"column":3}},"50":{"start":{"line":113,"column":4},"end":{"line":113,"column":58}},"51":{"start":{"line":116,"column":15},"end":{"line":123,"column":3}},"52":{"start":{"line":125,"column":2},"end":{"line":125,"column":28}},"53":{"start":{"line":131,"column":0},"end":{"line":140,"column":3}},"54":{"start":{"line":132,"column":2},"end":{"line":134,"column":3}},"55":{"start":{"line":133,"column":4},"end":{"line":133,"column":38}},"56":{"start":{"line":136,"column":2},"end":{"line":139,"column":5}}},"fnMap":{"0":{"name":"(anonymous_0)","decl":{"start":{"line":7,"column":18},"end":{"line":7,"column":19}},"loc":{"start":{"line":7,"column":51},"end":{"line":16,"column":1}},"line":7},"1":{"name":"(anonymous_1)","decl":{"start":{"line":21,"column":30},"end":{"line":21,"column":31}},"loc":{"start":{"line":21,"column":56},"end":{"line":29,"column":1}},"line":21},"2":{"name":"(anonymous_2)","decl":{"start":{"line":34,"column":27},"end":{"line":34,"column":28}},"loc":{"start":{"line":34,"column":53},"end":{"line":48,"column":1}},"line":34},"3":{"name":"(anonymous_3)","decl":{"start":{"line":53,"column":36},"end":{"line":53,"column":37}},"loc":{"start":{"line":53,"column":62},"end":{"line":68,"column":1}},"line":53},"4":{"name":"(anonymous_4)","decl":{"start":{"line":73,"column":35},"end":{"line":73,"column":36}},"loc":{"start":{"line":73,"column":61},"end":{"line":102,"column":1}},"line":73},"5":{"name":"(anonymous_5)","decl":{"start":{"line":107,"column":36},"end":{"line":107,"column":37}},"loc":{"start":{"line":107,"column":62},"end":{"line":126,"column":1}},"line":107},"6":{"name":"(anonymous_6)","decl":{"start":{"line":131,"column":40},"end":{"line":131,"column":41}},"loc":{"start":{"line":131,"column":66},"end":{"line":140,"column":1}},"line":131}},"branchMap":{"0":{"loc":{"start":{"line":23,"column":2},"end":{"line":25,"column":3}},"type":"if","locations":[{"start":{"line":23,"column":2},"end":{"line":25,"column":3}},{"start":{"line":23,"column":2},"end":{"line":25,"column":3}}],"line":23},"1":{"loc":{"start":{"line":23,"column":6},"end":{"line":23,"column":54}},"type":"binary-expr","locations":[{"start":{"line":23,"column":6},"end":{"line":23,"column":11}},{"start":{"line":23,"column":15},"end":{"line":23,"column":21}},{"start":{"line":23,"column":25},"end":{"line":23,"column":34}},{"start":{"line":23,"column":38},"end":{"line":23,"column":54}}],"line":23},"2":{"loc":{"start":{"line":37,"column":2},"end":{"line":39,"column":3}},"type":"if","locations":[{"start":{"line":37,"column":2},"end":{"line":39,"column":3}},{"start":{"line":37,"column":2},"end":{"line":39,"column":3}}],"line":37},"3":{"loc":{"start":{"line":37,"column":6},"end":{"line":37,"column":25}},"type":"binary-expr","locations":[{"start":{"line":37,"column":6},"end":{"line":37,"column":12}},{"start":{"line":37,"column":16},"end":{"line":37,"column":25}}],"line":37},"4":{"loc":{"start":{"line":43,"column":2},"end":{"line":45,"column":3}},"type":"if","locations":[{"start":{"line":43,"column":2},"end":{"line":45,"column":3}},{"start":{"line":43,"column":2},"end":{"line":45,"column":3}}],"line":43},"5":{"loc":{"start":{"line":43,"column":6},"end":{"line":43,"column":69}},"type":"binary-expr","locations":[{"start":{"line":43,"column":6},"end":{"line":43,"column":11}},{"start":{"line":43,"column":15},"end":{"line":43,"column":69}}],"line":43},"6":{"loc":{"start":{"line":57,"column":2},"end":{"line":59,"column":3}},"type":"if","locations":[{"start":{"line":57,"column":2},"end":{"line":59,"column":3}},{"start":{"line":57,"column":2},"end":{"line":59,"column":3}}],"line":57},"7":{"loc":{"start":{"line":85,"column":2},"end":{"line":87,"column":3}},"type":"if","locations":[{"start":{"line":85,"column":2},"end":{"line":87,"column":3}},{"start":{"line":85,"column":2},"end":{"line":87,"column":3}}],"line":85},"8":{"loc":{"start":{"line":112,"column":2},"end":{"line":114,"column":3}},"type":"if","locations":[{"start":{"line":112,"column":2},"end":{"line":114,"column":3}},{"start":{"line":112,"column":2},"end":{"line":114,"column":3}}],"line":112},"9":{"loc":{"start":{"line":132,"column":2},"end":{"line":134,"column":3}},"type":"if","locations":[{"start":{"line":132,"column":2},"end":{"line":134,"column":3}},{"start":{"line":132,"column":2},"end":{"line":134,"column":3}}],"line":132}},"s":{"0":1,"1":1,"2":1,"3":1,"4":1,"5":1,"6":1,"7":1,"8":1,"9":1,"10":1,"11":0,"12":1,"13":1,"14":1,"15":0,"16":0,"17":0,"18":0,"19":0,"20":0,"21":0,"22":1,"23":0,"24":0,"25":0,"26":0,"27":0,"28":0,"29":0,"30":1,"31":0,"32":0,"33":0,"34":0,"35":0,"36":0,"37":0,"38":0,"39":0,"40":0,"41":0,"42":0,"43":0,"44":0,"45":0,"46":1,"47":0,"48":0,"49":0,"50":0,"51":0,"52":0,"53":1,"54":0,"55":0,"56":0},"f":{"0":1,"1":1,"2":0,"3":0,"4":0,"5":0,"6":0},"b":{"0":[0,1],"1":[1,1,1,1],"2":[0,0],"3":[0,0],"4":[0,0],"5":[0,0],"6":[0,0],"7":[0,0],"8":[0,0],"9":[0,0]},"_coverageSchema":"1a1c01bbd47fc00a2c39e90264f33305004495a9","hash":"cdee7d808c978fad7de82597d0435a2f3291eda1"}
,"C:\\Users\\user\\Desktop\\personal projects\\complete_auth\\controller\\globallError.js": {"path":"C:\\Users\\user\\Desktop\\personal projects\\complete_auth\\controller\\globallError.js","statementMap":{"0":{"start":{"line":2,"column":17},"end":{"line":2,"column":49}},"1":{"start":{"line":5,"column":24},"end":{"line":8,"column":1}},"2":{"start":{"line":6,"column":18},"end":{"line":6,"column":52}},"3":{"start":{"line":7,"column":2},"end":{"line":7,"column":36}},"4":{"start":{"line":11,"column":25},"end":{"line":14,"column":1}},"5":{"start":{"line":12,"column":18},"end":{"line":12,"column":54}},"6":{"start":{"line":13,"column":2},"end":{"line":13,"column":36}},"7":{"start":{"line":16,"column":21},"end":{"line":22,"column":1}},"8":{"start":{"line":17,"column":2},"end":{"line":21,"column":5}},"9":{"start":{"line":24,"column":22},"end":{"line":37,"column":1}},"10":{"start":{"line":25,"column":2},"end":{"line":36,"column":3}},"11":{"start":{"line":26,"column":4},"end":{"line":29,"column":7}},"12":{"start":{"line":31,"column":4},"end":{"line":31,"column":21}},"13":{"start":{"line":32,"column":4},"end":{"line":35,"column":7}},"14":{"start":{"line":39,"column":0},"end":{"line":53,"column":2}},"15":{"start":{"line":40,"column":2},"end":{"line":40,"column":41}},"16":{"start":{"line":41,"column":2},"end":{"line":52,"column":3}},"17":{"start":{"line":42,"column":4},"end":{"line":42,"column":27}},"18":{"start":{"line":43,"column":9},"end":{"line":52,"column":3}},"19":{"start":{"line":44,"column":16},"end":{"line":44,"column":26}},"20":{"start":{"line":45,"column":4},"end":{"line":45,"column":32}},"21":{"start":{"line":47,"column":4},"end":{"line":47,"column":61}},"22":{"start":{"line":47,"column":30},"end":{"line":47,"column":61}},"23":{"start":{"line":49,"column":4},"end":{"line":49,"column":74}},"24":{"start":{"line":49,"column":42},"end":{"line":49,"column":74}},"25":{"start":{"line":51,"column":4},"end":{"line":51,"column":30}}},"fnMap":{"0":{"name":"(anonymous_0)","decl":{"start":{"line":5,"column":24},"end":{"line":5,"column":25}},"loc":{"start":{"line":5,"column":30},"end":{"line":8,"column":1}},"line":5},"1":{"name":"(anonymous_1)","decl":{"start":{"line":11,"column":25},"end":{"line":11,"column":26}},"loc":{"start":{"line":11,"column":32},"end":{"line":14,"column":1}},"line":11},"2":{"name":"(anonymous_2)","decl":{"start":{"line":16,"column":21},"end":{"line":16,"column":22}},"loc":{"start":{"line":16,"column":35},"end":{"line":22,"column":1}},"line":16},"3":{"name":"(anonymous_3)","decl":{"start":{"line":24,"column":22},"end":{"line":24,"column":23}},"loc":{"start":{"line":24,"column":36},"end":{"line":37,"column":1}},"line":24},"4":{"name":"(anonymous_4)","decl":{"start":{"line":39,"column":17},"end":{"line":39,"column":18}},"loc":{"start":{"line":39,"column":42},"end":{"line":53,"column":1}},"line":39}},"branchMap":{"0":{"loc":{"start":{"line":25,"column":2},"end":{"line":36,"column":3}},"type":"if","locations":[{"start":{"line":25,"column":2},"end":{"line":36,"column":3}},{"start":{"line":25,"column":2},"end":{"line":36,"column":3}}],"line":25},"1":{"loc":{"start":{"line":40,"column":19},"end":{"line":40,"column":40}},"type":"binary-expr","locations":[{"start":{"line":40,"column":19},"end":{"line":40,"column":33}},{"start":{"line":40,"column":37},"end":{"line":40,"column":40}}],"line":40},"2":{"loc":{"start":{"line":41,"column":2},"end":{"line":52,"column":3}},"type":"if","locations":[{"start":{"line":41,"column":2},"end":{"line":52,"column":3}},{"start":{"line":41,"column":2},"end":{"line":52,"column":3}}],"line":41},"3":{"loc":{"start":{"line":43,"column":9},"end":{"line":52,"column":3}},"type":"if","locations":[{"start":{"line":43,"column":9},"end":{"line":52,"column":3}},{"start":{"line":43,"column":9},"end":{"line":52,"column":3}}],"line":43},"4":{"loc":{"start":{"line":47,"column":4},"end":{"line":47,"column":61}},"type":"if","locations":[{"start":{"line":47,"column":4},"end":{"line":47,"column":61}},{"start":{"line":47,"column":4},"end":{"line":47,"column":61}}],"line":47},"5":{"loc":{"start":{"line":49,"column":4},"end":{"line":49,"column":74}},"type":"if","locations":[{"start":{"line":49,"column":4},"end":{"line":49,"column":74}},{"start":{"line":49,"column":4},"end":{"line":49,"column":74}}],"line":49}},"s":{"0":1,"1":1,"2":0,"3":0,"4":1,"5":0,"6":0,"7":1,"8":0,"9":1,"10":0,"11":0,"12":0,"13":0,"14":1,"15":0,"16":0,"17":0,"18":0,"19":0,"20":0,"21":0,"22":0,"23":0,"24":0,"25":0},"f":{"0":0,"1":0,"2":0,"3":0,"4":0},"b":{"0":[0,0],"1":[0,0],"2":[0,0],"3":[0,0],"4":[0,0],"5":[0,0]},"_coverageSchema":"1a1c01bbd47fc00a2c39e90264f33305004495a9","hash":"60739b94fb4e695043065d6a437b9df388cbd3fa"}
,"C:\\Users\\user\\Desktop\\personal projects\\complete_auth\\middleware\\protect.js": {"path":"C:\\Users\\user\\Desktop\\personal projects\\complete_auth\\middleware\\protect.js","statementMap":{"0":{"start":{"line":1,"column":22},"end":{"line":1,"column":37}},"1":{"start":{"line":2,"column":12},"end":{"line":2,"column":35}},"2":{"start":{"line":3,"column":14},"end":{"line":3,"column":40}},"3":{"start":{"line":4,"column":17},"end":{"line":4,"column":49}},"4":{"start":{"line":5,"column":19},"end":{"line":5,"column":49}},"5":{"start":{"line":9,"column":0},"end":{"line":33,"column":3}},"6":{"start":{"line":12,"column":2},"end":{"line":14,"column":3}},"7":{"start":{"line":13,"column":4},"end":{"line":13,"column":38}},"8":{"start":{"line":16,"column":2},"end":{"line":18,"column":3}},"9":{"start":{"line":17,"column":4},"end":{"line":17,"column":60}},"10":{"start":{"line":20,"column":17},"end":{"line":20,"column":75}},"11":{"start":{"line":23,"column":22},"end":{"line":23,"column":73}},"12":{"start":{"line":25,"column":2},"end":{"line":27,"column":3}},"13":{"start":{"line":26,"column":4},"end":{"line":26,"column":59}},"14":{"start":{"line":29,"column":2},"end":{"line":29,"column":25}},"15":{"start":{"line":32,"column":2},"end":{"line":32,"column":9}}},"fnMap":{"0":{"name":"(anonymous_0)","decl":{"start":{"line":9,"column":28},"end":{"line":9,"column":29}},"loc":{"start":{"line":9,"column":54},"end":{"line":33,"column":1}},"line":9}},"branchMap":{"0":{"loc":{"start":{"line":12,"column":2},"end":{"line":14,"column":3}},"type":"if","locations":[{"start":{"line":12,"column":2},"end":{"line":14,"column":3}},{"start":{"line":12,"column":2},"end":{"line":14,"column":3}}],"line":12},"1":{"loc":{"start":{"line":16,"column":2},"end":{"line":18,"column":3}},"type":"if","locations":[{"start":{"line":16,"column":2},"end":{"line":18,"column":3}},{"start":{"line":16,"column":2},"end":{"line":18,"column":3}}],"line":16},"2":{"loc":{"start":{"line":25,"column":2},"end":{"line":27,"column":3}},"type":"if","locations":[{"start":{"line":25,"column":2},"end":{"line":27,"column":3}},{"start":{"line":25,"column":2},"end":{"line":27,"column":3}}],"line":25}},"s":{"0":2,"1":2,"2":2,"3":2,"4":2,"5":2,"6":2,"7":1,"8":2,"9":1,"10":1,"11":1,"12":1,"13":0,"14":1,"15":1},"f":{"0":2},"b":{"0":[1,1],"1":[1,1],"2":[0,1]},"_coverageSchema":"1a1c01bbd47fc00a2c39e90264f33305004495a9","hash":"0829c4b95d7f004d35b446fb9b7ac6046d959bd0"}
,"C:\\Users\\user\\Desktop\\personal projects\\complete_auth\\models\\Users.js": {"path":"C:\\Users\\user\\Desktop\\personal projects\\complete_auth\\models\\Users.js","statementMap":{"0":{"start":{"line":2,"column":15},"end":{"line":2,"column":32}},"1":{"start":{"line":3,"column":12},"end":{"line":3,"column":35}},"2":{"start":{"line":4,"column":17},"end":{"line":4,"column":36}},"3":{"start":{"line":5,"column":18},"end":{"line":5,"column":38}},"4":{"start":{"line":6,"column":15},"end":{"line":6,"column":34}},"5":{"start":{"line":7,"column":13},"end":{"line":7,"column":41}},"6":{"start":{"line":9,"column":20},"end":{"line":45,"column":2}},"7":{"start":{"line":32,"column":8},"end":{"line":32,"column":37}},"8":{"start":{"line":47,"column":0},"end":{"line":55,"column":3}},"9":{"start":{"line":48,"column":2},"end":{"line":48,"column":27}},"10":{"start":{"line":49,"column":2},"end":{"line":49,"column":43}},"11":{"start":{"line":49,"column":36},"end":{"line":49,"column":43}},"12":{"start":{"line":50,"column":2},"end":{"line":50,"column":55}},"13":{"start":{"line":52,"column":2},"end":{"line":52,"column":35}},"14":{"start":{"line":54,"column":2},"end":{"line":54,"column":9}},"15":{"start":{"line":57,"column":0},"end":{"line":63,"column":3}},"16":{"start":{"line":58,"column":16},"end":{"line":58,"column":54}},"17":{"start":{"line":59,"column":2},"end":{"line":59,"column":32}},"18":{"start":{"line":61,"column":2},"end":{"line":61,"column":30}},"19":{"start":{"line":62,"column":2},"end":{"line":62,"column":9}},"20":{"start":{"line":65,"column":0},"end":{"line":69,"column":2}},"21":{"start":{"line":66,"column":2},"end":{"line":68,"column":5}},"22":{"start":{"line":71,"column":0},"end":{"line":76,"column":2}},"23":{"start":{"line":75,"column":2},"end":{"line":75,"column":63}},"24":{"start":{"line":78,"column":0},"end":{"line":82,"column":3}},"25":{"start":{"line":79,"column":2},"end":{"line":81,"column":3}},"26":{"start":{"line":80,"column":4},"end":{"line":80,"column":34}},"27":{"start":{"line":84,"column":0},"end":{"line":93,"column":2}},"28":{"start":{"line":85,"column":2},"end":{"line":92,"column":12}},"29":{"start":{"line":95,"column":0},"end":{"line":112,"column":2}},"30":{"start":{"line":96,"column":16},"end":{"line":96,"column":54}},"31":{"start":{"line":97,"column":2},"end":{"line":100,"column":19}},"32":{"start":{"line":102,"column":2},"end":{"line":102,"column":58}},"33":{"start":{"line":104,"column":2},"end":{"line":111,"column":12}},"34":{"start":{"line":114,"column":0},"end":{"line":114,"column":54}}},"fnMap":{"0":{"name":"(anonymous_0)","decl":{"start":{"line":31,"column":17},"end":{"line":31,"column":18}},"loc":{"start":{"line":31,"column":31},"end":{"line":33,"column":7}},"line":31},"1":{"name":"(anonymous_1)","decl":{"start":{"line":47,"column":24},"end":{"line":47,"column":25}},"loc":{"start":{"line":47,"column":45},"end":{"line":55,"column":1}},"line":47},"2":{"name":"(anonymous_2)","decl":{"start":{"line":57,"column":24},"end":{"line":57,"column":25}},"loc":{"start":{"line":57,"column":39},"end":{"line":63,"column":1}},"line":57},"3":{"name":"(anonymous_3)","decl":{"start":{"line":65,"column":31},"end":{"line":65,"column":32}},"loc":{"start":{"line":65,"column":42},"end":{"line":69,"column":1}},"line":65},"4":{"name":"(anonymous_4)","decl":{"start":{"line":71,"column":38},"end":{"line":71,"column":39}},"loc":{"start":{"line":74,"column":2},"end":{"line":76,"column":1}},"line":74},"5":{"name":"(anonymous_5)","decl":{"start":{"line":78,"column":25},"end":{"line":78,"column":26}},"loc":{"start":{"line":78,"column":42},"end":{"line":82,"column":1}},"line":78},"6":{"name":"(anonymous_6)","decl":{"start":{"line":84,"column":39},"end":{"line":84,"column":40}},"loc":{"start":{"line":84,"column":56},"end":{"line":93,"column":1}},"line":84},"7":{"name":"(anonymous_7)","decl":{"start":{"line":95,"column":48},"end":{"line":95,"column":49}},"loc":{"start":{"line":95,"column":65},"end":{"line":112,"column":1}},"line":95}},"branchMap":{"0":{"loc":{"start":{"line":49,"column":2},"end":{"line":49,"column":43}},"type":"if","locations":[{"start":{"line":49,"column":2},"end":{"line":49,"column":43}},{"start":{"line":49,"column":2},"end":{"line":49,"column":43}}],"line":49},"1":{"loc":{"start":{"line":79,"column":2},"end":{"line":81,"column":3}},"type":"if","locations":[{"start":{"line":79,"column":2},"end":{"line":81,"column":3}},{"start":{"line":79,"column":2},"end":{"line":81,"column":3}}],"line":79},"2":{"loc":{"start":{"line":79,"column":6},"end":{"line":79,"column":46}},"type":"binary-expr","locations":[{"start":{"line":79,"column":6},"end":{"line":79,"column":31}},{"start":{"line":79,"column":35},"end":{"line":79,"column":46}}],"line":79}},"s":{"0":3,"1":3,"2":3,"3":3,"4":3,"5":3,"6":3,"7":3,"8":3,"9":3,"10":3,"11":0,"12":3,"13":3,"14":3,"15":3,"16":3,"17":3,"18":3,"19":3,"20":3,"21":3,"22":3,"23":1,"24":3,"25":3,"26":3,"27":3,"28":3,"29":3,"30":1,"31":1,"32":1,"33":1,"34":3},"f":{"0":3,"1":3,"2":3,"3":3,"4":1,"5":3,"6":3,"7":1},"b":{"0":[0,3],"1":[3,0],"2":[3,3]},"_coverageSchema":"1a1c01bbd47fc00a2c39e90264f33305004495a9","hash":"4a891837c9965169ce7ce7ae75e78481b6f4e33f"}
,"C:\\Users\\user\\Desktop\\personal projects\\complete_auth\\routes\\userRoutes.js": {"path":"C:\\Users\\user\\Desktop\\personal projects\\complete_auth\\routes\\userRoutes.js","statementMap":{"0":{"start":{"line":1,"column":16},"end":{"line":1,"column":34}},"1":{"start":{"line":3,"column":15},"end":{"line":3,"column":31}},"2":{"start":{"line":4,"column":23},"end":{"line":4,"column":65}},"3":{"start":{"line":5,"column":16},"end":{"line":5,"column":48}},"4":{"start":{"line":7,"column":0},"end":{"line":7,"column":50}},"5":{"start":{"line":8,"column":0},"end":{"line":8,"column":44}},"6":{"start":{"line":9,"column":0},"end":{"line":9,"column":63}},"7":{"start":{"line":10,"column":0},"end":{"line":10,"column":62}},"8":{"start":{"line":11,"column":0},"end":{"line":11,"column":62}},"9":{"start":{"line":12,"column":0},"end":{"line":12,"column":73}},"10":{"start":{"line":14,"column":0},"end":{"line":14,"column":24}}},"fnMap":{},"branchMap":{},"s":{"0":1,"1":1,"2":1,"3":1,"4":1,"5":1,"6":1,"7":1,"8":1,"9":1,"10":1},"f":{},"b":{},"_coverageSchema":"1a1c01bbd47fc00a2c39e90264f33305004495a9","hash":"19dc73190bb656e8a1f4866453b0767f241132ce"}
,"C:\\Users\\user\\Desktop\\personal projects\\complete_auth\\utils\\catchAsync.js": {"path":"C:\\Users\\user\\Desktop\\personal projects\\complete_auth\\utils\\catchAsync.js","statementMap":{"0":{"start":{"line":1,"column":0},"end":{"line":3,"column":2}},"1":{"start":{"line":2,"column":2},"end":{"line":2,"column":77}},"2":{"start":{"line":2,"column":29},"end":{"line":2,"column":76}}},"fnMap":{"0":{"name":"(anonymous_0)","decl":{"start":{"line":1,"column":17},"end":{"line":1,"column":18}},"loc":{"start":{"line":1,"column":23},"end":{"line":3,"column":1}},"line":1},"1":{"name":"(anonymous_1)","decl":{"start":{"line":2,"column":9},"end":{"line":2,"column":10}},"loc":{"start":{"line":2,"column":29},"end":{"line":2,"column":76}},"line":2}},"branchMap":{},"s":{"0":2,"1":8,"2":3},"f":{"0":8,"1":3},"b":{},"_coverageSchema":"1a1c01bbd47fc00a2c39e90264f33305004495a9","hash":"02d22c4b8564229eb8b1092424e980509b15357f"}
,"C:\\Users\\user\\Desktop\\personal projects\\complete_auth\\utils\\custormError.js": {"path":"C:\\Users\\user\\Desktop\\personal projects\\complete_auth\\utils\\custormError.js","statementMap":{"0":{"start":{"line":3,"column":4},"end":{"line":3,"column":19}},"1":{"start":{"line":4,"column":4},"end":{"line":4,"column":33}},"2":{"start":{"line":5,"column":4},"end":{"line":5,"column":75}},"3":{"start":{"line":6,"column":4},"end":{"line":6,"column":30}},"4":{"start":{"line":7,"column":4},"end":{"line":7,"column":44}},"5":{"start":{"line":11,"column":0},"end":{"line":11,"column":26}}},"fnMap":{"0":{"name":"(anonymous_0)","decl":{"start":{"line":2,"column":2},"end":{"line":2,"column":3}},"loc":{"start":{"line":2,"column":35},"end":{"line":8,"column":3}},"line":2}},"branchMap":{"0":{"loc":{"start":{"line":5,"column":18},"end":{"line":5,"column":74}},"type":"cond-expr","locations":[{"start":{"line":5,"column":58},"end":{"line":5,"column":64}},{"start":{"line":5,"column":67},"end":{"line":5,"column":74}}],"line":5}},"s":{"0":2,"1":2,"2":2,"3":2,"4":2,"5":2},"f":{"0":2},"b":{"0":[2,0]},"_coverageSchema":"1a1c01bbd47fc00a2c39e90264f33305004495a9","hash":"63aa5fce2bf8121837799261b3f64ec81a5ebd6b"}
}
