TN:
SF:config\db.js
FN:3,(anonymous_0)
FNF:1
FNH:1
FNDA:2,(anonymous_0)
DA:1,2
DA:3,2
DA:4,2
DA:5,2
DA:11,2
DA:13,0
DA:17,2
LF:7
LH:6
BRF:0
BRH:0
end_of_record
TN:
SF:models\Users.js
FN:31,(anonymous_0)
FN:47,(anonymous_1)
FN:57,(anonymous_2)
FN:65,(anonymous_3)
FN:71,(anonymous_4)
FN:78,(anonymous_5)
FN:84,(anonymous_6)
FN:95,(anonymous_7)
FNF:8
FNH:8
FNDA:2,(anonymous_0)
FNDA:2,(anonymous_1)
FNDA:2,(anonymous_2)
FNDA:1,(anonymous_3)
FNDA:1,(anonymous_4)
FNDA:2,(anonymous_5)
FNDA:2,(anonymous_6)
FNDA:1,(anonymous_7)
DA:2,2
DA:3,2
DA:4,2
DA:5,2
DA:6,2
DA:7,2
DA:9,2
DA:32,2
DA:47,2
DA:48,2
DA:49,2
DA:50,2
DA:52,2
DA:54,2
DA:57,2
DA:58,2
DA:59,2
DA:61,2
DA:62,2
DA:65,2
DA:66,1
DA:71,2
DA:75,1
DA:78,2
DA:79,2
DA:80,2
DA:84,2
DA:85,2
DA:95,2
DA:96,1
DA:97,1
DA:102,1
DA:104,1
DA:114,2
LF:34
LH:34
BRDA:49,0,0,0
BRDA:49,0,1,2
BRDA:79,1,0,2
BRDA:79,1,1,0
BRDA:79,2,0,2
BRDA:79,2,1,2
BRF:6
BRH:4
end_of_record
